# JRE version: OpenJDK Runtime Environment GraalVM CE 22.3.0 (17.0.5+8) (build 17.0.5+8-jvmci-22.3-b08)
# Java VM: OpenJDK 64-Bit Server VM GraalVM CE 22.3.0 (17.0.5+8-jvmci-22.3-b08, mixed mode, sharing, tiered, jvmci, jvmci compiler, compressed oops, compressed class ptrs, parallel gc, linux-amd64)
GC Precious Log:
 CPUs: 8 total, 1 available
 Memory: 1024M
 Large Page Support: Disabled
 NUMA Support: Disabled
 Compressed Oops: Enabled (32-bit)
 Alignments: Space 512K, Generation 512K, Heap 2M
 Heap Min Capacity: 100M
 Heap Initial Capacity: 100M
 Heap Max Capacity: 512M
 Pre-touch: Disabled
 Parallel Workers: 1
Heap:
 PSYoungGen      total 56320K, used 44544K [0x00000000f5580000, 0x00000000f9980000, 0x0000000100000000)
  eden space 44544K, 100% used [0x00000000f5580000,0x00000000f8100000,0x00000000f8100000)
  from space 11776K, 0% used [0x00000000f8100000,0x00000000f8100000,0x00000000f8c80000)
  to   space 11776K, 0% used [0x00000000f8c80000,0x00000000f8c80000,0x00000000f9800000)
 ParOldGen       total 349696K, used 349696K [0x00000000e0000000, 0x00000000f5580000, 0x00000000f5580000)
  object space 349696K, 100% used [0x00000000e0000000,0x00000000f5580000,0x00000000f5580000)
 Metaspace       used 57917K, committed 58752K, reserved 1105920K
  class space    used 5573K, committed 5952K, reserved 1048576K
GC Heap History (20 events):
Event: 548.173 GC heap before
{Heap before GC invocations=448 (full 363):
 PSYoungGen      total 56320K, used 44543K [0x00000000f5580000, 0x00000000f9980000, 0x0000000100000000)
  eden space 44544K, 99% used [0x00000000f5580000,0x00000000f80ffff0,0x00000000f8100000)
  from space 11776K, 0% used [0x00000000f8100000,0x00000000f8100000,0x00000000f8c80000)
  to   space 11776K, 0% used [0x00000000f8c80000,0x00000000f8c80000,0x00000000f9800000)
 ParOldGen       total 349696K, used 349696K [0x00000000e0000000, 0x00000000f5580000, 0x00000000f5580000)
  object space 349696K, 100% used [0x00000000e0000000,0x00000000f5580000,0x00000000f5580000)
 Metaspace       used 57917K, committed 58752K, reserved 1105920K
  class space    used 5573K, committed 5952K, reserved 1048576K
}
Event: 549.411 GC heap after
{Heap after GC invocations=448 (full 363):
 PSYoungGen      total 56320K, used 44543K [0x00000000f5580000, 0x00000000f9980000, 0x0000000100000000)
  eden space 44544K, 99% used [0x00000000f5580000,0x00000000f80ffff0,0x00000000f8100000)
  from space 11776K, 0% used [0x00000000f8c80000,0x00000000f8c80000,0x00000000f9800000)
  to   space 11776K, 0% used [0x00000000f8100000,0x00000000f8100000,0x00000000f8c80000)
 ParOldGen       total 349696K, used 349696K [0x00000000e0000000, 0x00000000f5580000, 0x00000000f5580000)
  object space 349696K, 100% used [0x00000000e0000000,0x00000000f5580000,0x00000000f5580000)
 Metaspace       used 57917K, committed 58752K, reserved 1105920K
  class space    used 5573K, committed 5952K, reserved 1048576K
}
Event: 549.411 GC heap before
{Heap before GC invocations=449 (full 364):
 PSYoungGen      total 56320K, used 44543K [0x00000000f5580000, 0x00000000f9980000, 0x0000000100000000)
  eden space 44544K, 99% used [0x00000000f5580000,0x00000000f80ffff0,0x00000000f8100000)
  from space 11776K, 0% used [0x00000000f8c80000,0x00000000f8c80000,0x00000000f9800000)
  to   space 11776K, 0% used [0x00000000f8100000,0x00000000f8100000,0x00000000f8c80000)
 ParOldGen       total 349696K, used 349696K [0x00000000e0000000, 0x00000000f5580000, 0x00000000f5580000)
  object space 349696K, 100% used [0x00000000e0000000,0x00000000f5580000,0x00000000f5580000)
 Metaspace       used 57917K, committed 58752K, reserved 1105920K
  class space    used 5573K, committed 5952K, reserved 1048576K
}
Event: 550.682 GC heap after
{Heap after GC invocations=449 (full 364):
 PSYoungGen      total 56320K, used 44543K [0x00000000f5580000, 0x00000000f9980000, 0x0000000100000000)
  eden space 44544K, 99% used [0x00000000f5580000,0x00000000f80ffff0,0x00000000f8100000)
  from space 11776K, 0% used [0x00000000f8100000,0x00000000f8100000,0x00000000f8c80000)
  to   space 11776K, 0% used [0x00000000f8c80000,0x00000000f8c80000,0x00000000f9800000)
 ParOldGen       total 349696K, used 349696K [0x00000000e0000000, 0x00000000f5580000, 0x00000000f5580000)
  object space 349696K, 100% used [0x00000000e0000000,0x00000000f5580000,0x00000000f5580000)
 Metaspace       used 57917K, committed 58752K, reserved 1105920K
  class space    used 5573K, committed 5952K, reserved 1048576K
}
Event: 550.683 GC heap before
{Heap before GC invocations=450 (full 365):
 PSYoungGen      total 56320K, used 44543K [0x00000000f5580000, 0x00000000f9980000, 0x0000000100000000)
  eden space 44544K, 99% used [0x00000000f5580000,0x00000000f80ffff0,0x00000000f8100000)
  from space 11776K, 0% used [0x00000000f8100000,0x00000000f8100000,0x00000000f8c80000)
  to   space 11776K, 0% used [0x00000000f8c80000,0x00000000f8c80000,0x00000000f9800000)
 ParOldGen       total 349696K, used 349696K [0x00000000e0000000, 0x00000000f5580000, 0x00000000f5580000)
  object space 349696K, 100% used [0x00000000e0000000,0x00000000f5580000,0x00000000f5580000)
 Metaspace       used 57917K, committed 58752K, reserved 1105920K
  class space    used 5573K, committed 5952K, reserved 1048576K
}
Event: 551.915 GC heap after
{Heap after GC invocations=450 (full 365):
 PSYoungGen      total 56320K, used 44543K [0x00000000f5580000, 0x00000000f9980000, 0x0000000100000000)
  eden space 44544K, 99% used [0x00000000f5580000,0x00000000f80ffff0,0x00000000f8100000)
  from space 11776K, 0% used [0x00000000f8c80000,0x00000000f8c80000,0x00000000f9800000)
  to   space 11776K, 0% used [0x00000000f8100000,0x00000000f8100000,0x00000000f8c80000)
 ParOldGen       total 349696K, used 349695K [0x00000000e0000000, 0x00000000f5580000, 0x00000000f5580000)
  object space 349696K, 99% used [0x00000000e0000000,0x00000000f557fd98,0x00000000f5580000)
 Metaspace       used 57917K, committed 58752K, reserved 1105920K
  class space    used 5573K, committed 5952K, reserved 1048576K
}
Event: 551.915 GC heap before
{Heap before GC invocations=451 (full 366):
 PSYoungGen      total 56320K, used 44544K [0x00000000f5580000, 0x00000000f9980000, 0x0000000100000000)
  eden space 44544K, 100% used [0x00000000f5580000,0x00000000f8100000,0x00000000f8100000)
  from space 11776K, 0% used [0x00000000f8c80000,0x00000000f8c80000,0x00000000f9800000)
  to   space 11776K, 0% used [0x00000000f8100000,0x00000000f8100000,0x00000000f8c80000)
 ParOldGen       total 349696K, used 349695K [0x00000000e0000000, 0x00000000f5580000, 0x00000000f5580000)
  object space 349696K, 99% used [0x00000000e0000000,0x00000000f557ffe8,0x00000000f5580000)
 Metaspace       used 57917K, committed 58752K, reserved 1105920K
  class space    used 5573K, committed 5952K, reserved 1048576K
}
Event: 553.204 GC heap after
{Heap after GC invocations=451 (full 366):
 PSYoungGen      total 56320K, used 44543K [0x00000000f5580000, 0x00000000f9980000, 0x0000000100000000)
  eden space 44544K, 99% used [0x00000000f5580000,0x00000000f80fffe0,0x00000000f8100000)
  from space 11776K, 0% used [0x00000000f8100000,0x00000000f8100000,0x00000000f8c80000)
  to   space 11776K, 0% used [0x00000000f8c80000,0x00000000f8c80000,0x00000000f9800000)
 ParOldGen       total 349696K, used 349695K [0x00000000e0000000, 0x00000000f5580000, 0x00000000f5580000)
  object space 349696K, 99% used [0x00000000e0000000,0x00000000f557ff10,0x00000000f5580000)
 Metaspace       used 57917K, committed 58752K, reserved 1105920K
  class space    used 5573K, committed 5952K, reserved 1048576K
}
Event: 553.207 GC heap before
{Heap before GC invocations=452 (full 367):
 PSYoungGen      total 56320K, used 44544K [0x00000000f5580000, 0x00000000f9980000, 0x0000000100000000)
  eden space 44544K, 100% used [0x00000000f5580000,0x00000000f8100000,0x00000000f8100000)
  from space 11776K, 0% used [0x00000000f8100000,0x00000000f8100000,0x00000000f8c80000)
  to   space 11776K, 0% used [0x00000000f8c80000,0x00000000f8c80000,0x00000000f9800000)
 ParOldGen       total 349696K, used 349695K [0x00000000e0000000, 0x00000000f5580000, 0x00000000f5580000)
  object space 349696K, 99% used [0x00000000e0000000,0x00000000f557ff10,0x00000000f5580000)
 Metaspace       used 57917K, committed 58752K, reserved 1105920K
  class space    used 5573K, committed 5952K, reserved 1048576K
}
Event: 554.511 GC heap after
{Heap after GC invocations=452 (full 367):
 PSYoungGen      total 56320K, used 44544K [0x00000000f5580000, 0x00000000f9980000, 0x0000000100000000)
  eden space 44544K, 100% used [0x00000000f5580000,0x00000000f8100000,0x00000000f8100000)
  from space 11776K, 0% used [0x00000000f8c80000,0x00000000f8c80000,0x00000000f9800000)
  to   space 11776K, 0% used [0x00000000f8100000,0x00000000f8100000,0x00000000f8c80000)
 ParOldGen       total 349696K, used 349695K [0x00000000e0000000, 0x00000000f5580000, 0x00000000f5580000)
  object space 349696K, 99% used [0x00000000e0000000,0x00000000f557ff10,0x00000000f5580000)
 Metaspace       used 57917K, committed 58752K, reserved 1105920K
  class space    used 5573K, committed 5952K, reserved 1048576K
}
Event: 554.511 GC heap before
{Heap before GC invocations=453 (full 368):
 PSYoungGen      total 56320K, used 44544K [0x00000000f5580000, 0x00000000f9980000, 0x0000000100000000)
  eden space 44544K, 100% used [0x00000000f5580000,0x00000000f8100000,0x00000000f8100000)
  from space 11776K, 0% used [0x00000000f8c80000,0x00000000f8c80000,0x00000000f9800000)
  to   space 11776K, 0% used [0x00000000f8100000,0x00000000f8100000,0x00000000f8c80000)
 ParOldGen       total 349696K, used 349695K [0x00000000e0000000, 0x00000000f5580000, 0x00000000f5580000)
  object space 349696K, 99% used [0x00000000e0000000,0x00000000f557fff8,0x00000000f5580000)
 Metaspace       used 57917K, committed 58752K, reserved 1105920K
  class space    used 5573K, committed 5952K, reserved 1048576K
}
Event: 555.804 GC heap after
{Heap after GC invocations=453 (full 368):
 PSYoungGen      total 56320K, used 44544K [0x00000000f5580000, 0x00000000f9980000, 0x0000000100000000)
  eden space 44544K, 100% used [0x00000000f5580000,0x00000000f8100000,0x00000000f8100000)
  from space 11776K, 0% used [0x00000000f8100000,0x00000000f8100000,0x00000000f8c80000)
  to   space 11776K, 0% used [0x00000000f8c80000,0x00000000f8c80000,0x00000000f9800000)
 ParOldGen       total 349696K, used 349695K [0x00000000e0000000, 0x00000000f5580000, 0x00000000f5580000)
  object space 349696K, 99% used [0x00000000e0000000,0x00000000f557ffa8,0x00000000f5580000)
 Metaspace       used 57917K, committed 58752K, reserved 1105920K
  class space    used 5573K, committed 5952K, reserved 1048576K
}
Event: 555.807 GC heap before
{Heap before GC invocations=454 (full 369):
 PSYoungGen      total 56320K, used 44544K [0x00000000f5580000, 0x00000000f9980000, 0x0000000100000000)
  eden space 44544K, 100% used [0x00000000f5580000,0x00000000f8100000,0x00000000f8100000)
  from space 11776K, 0% used [0x00000000f8100000,0x00000000f8100000,0x00000000f8c80000)
  to   space 11776K, 0% used [0x00000000f8c80000,0x00000000f8c80000,0x00000000f9800000)
 ParOldGen       total 349696K, used 349695K [0x00000000e0000000, 0x00000000f5580000, 0x00000000f5580000)
  object space 349696K, 99% used [0x00000000e0000000,0x00000000f557fff8,0x00000000f5580000)
 Metaspace       used 57917K, committed 58752K, reserved 1105920K
  class space    used 5573K, committed 5952K, reserved 1048576K
}
Event: 557.100 GC heap after
{Heap after GC invocations=454 (full 369):
 PSYoungGen      total 56320K, used 44544K [0x00000000f5580000, 0x00000000f9980000, 0x0000000100000000)
  eden space 44544K, 100% used [0x00000000f5580000,0x00000000f8100000,0x00000000f8100000)
  from space 11776K, 0% used [0x00000000f8c80000,0x00000000f8c80000,0x00000000f9800000)
  to   space 11776K, 0% used [0x00000000f8100000,0x00000000f8100000,0x00000000f8c80000)
 ParOldGen       total 349696K, used 349695K [0x00000000e0000000, 0x00000000f5580000, 0x00000000f5580000)
  object space 349696K, 99% used [0x00000000e0000000,0x00000000f557ffa8,0x00000000f5580000)
 Metaspace       used 57917K, committed 58752K, reserved 1105920K
  class space    used 5573K, committed 5952K, reserved 1048576K
}
Event: 557.100 GC heap before
{Heap before GC invocations=455 (full 370):
 PSYoungGen      total 56320K, used 44544K [0x00000000f5580000, 0x00000000f9980000, 0x0000000100000000)
  eden space 44544K, 100% used [0x00000000f5580000,0x00000000f8100000,0x00000000f8100000)
  from space 11776K, 0% used [0x00000000f8c80000,0x00000000f8c80000,0x00000000f9800000)
  to   space 11776K, 0% used [0x00000000f8100000,0x00000000f8100000,0x00000000f8c80000)
 ParOldGen       total 349696K, used 349695K [0x00000000e0000000, 0x00000000f5580000, 0x00000000f5580000)
  object space 349696K, 99% used [0x00000000e0000000,0x00000000f557fff8,0x00000000f5580000)
 Metaspace       used 57917K, committed 58752K, reserved 1105920K
  class space    used 5573K, committed 5952K, reserved 1048576K
}
Event: 558.380 GC heap after
{Heap after GC invocations=455 (full 370):
 PSYoungGen      total 56320K, used 44544K [0x00000000f5580000, 0x00000000f9980000, 0x0000000100000000)
  eden space 44544K, 100% used [0x00000000f5580000,0x00000000f8100000,0x00000000f8100000)
  from space 11776K, 0% used [0x00000000f8100000,0x00000000f8100000,0x00000000f8c80000)
  to   space 11776K, 0% used [0x00000000f8c80000,0x00000000f8c80000,0x00000000f9800000)
 ParOldGen       total 349696K, used 349695K [0x00000000e0000000, 0x00000000f5580000, 0x00000000f5580000)
  object space 349696K, 99% used [0x00000000e0000000,0x00000000f557ffa8,0x00000000f5580000)
 Metaspace       used 57917K, committed 58752K, reserved 1105920K
  class space    used 5573K, committed 5952K, reserved 1048576K
}
Event: 558.381 GC heap before
{Heap before GC invocations=456 (full 371):
 PSYoungGen      total 56320K, used 44544K [0x00000000f5580000, 0x00000000f9980000, 0x0000000100000000)
  eden space 44544K, 100% used [0x00000000f5580000,0x00000000f8100000,0x00000000f8100000)
  from space 11776K, 0% used [0x00000000f8100000,0x00000000f8100000,0x00000000f8c80000)
  to   space 11776K, 0% used [0x00000000f8c80000,0x00000000f8c80000,0x00000000f9800000)
 ParOldGen       total 349696K, used 349696K [0x00000000e0000000, 0x00000000f5580000, 0x00000000f5580000)
  object space 349696K, 100% used [0x00000000e0000000,0x00000000f5580000,0x00000000f5580000)
 Metaspace       used 57917K, committed 58752K, reserved 1105920K
  class space    used 5573K, committed 5952K, reserved 1048576K
}
Event: 559.508 GC heap after
{Heap after GC invocations=456 (full 371):
 PSYoungGen      total 56320K, used 44544K [0x00000000f5580000, 0x00000000f9980000, 0x0000000100000000)
  eden space 44544K, 100% used [0x00000000f5580000,0x00000000f8100000,0x00000000f8100000)
  from space 11776K, 0% used [0x00000000f8c80000,0x00000000f8c80000,0x00000000f9800000)
  to   space 11776K, 0% used [0x00000000f8100000,0x00000000f8100000,0x00000000f8c80000)
 ParOldGen       total 349696K, used 349695K [0x00000000e0000000, 0x00000000f5580000, 0x00000000f5580000)
  object space 349696K, 99% used [0x00000000e0000000,0x00000000f557ffc0,0x00000000f5580000)
 Metaspace       used 57917K, committed 58752K, reserved 1105920K
  class space    used 5573K, committed 5952K, reserved 1048576K
}
Event: 559.508 GC heap before
{Heap before GC invocations=457 (full 372):
 PSYoungGen      total 56320K, used 44544K [0x00000000f5580000, 0x00000000f9980000, 0x0000000100000000)
  eden space 44544K, 100% used [0x00000000f5580000,0x00000000f8100000,0x00000000f8100000)
  from space 11776K, 0% used [0x00000000f8c80000,0x00000000f8c80000,0x00000000f9800000)
  to   space 11776K, 0% used [0x00000000f8100000,0x00000000f8100000,0x00000000f8c80000)
 ParOldGen       total 349696K, used 349695K [0x00000000e0000000, 0x00000000f5580000, 0x00000000f5580000)
  object space 349696K, 99% used [0x00000000e0000000,0x00000000f557ffc0,0x00000000f5580000)
 Metaspace       used 57917K, committed 58752K, reserved 1105920K
  class space    used 5573K, committed 5952K, reserved 1048576K
}
Event: 560.783 GC heap after
{Heap after GC invocations=457 (full 372):
 PSYoungGen      total 56320K, used 44544K [0x00000000f5580000, 0x00000000f9980000, 0x0000000100000000)
  eden space 44544K, 100% used [0x00000000f5580000,0x00000000f8100000,0x00000000f8100000)
  from space 11776K, 0% used [0x00000000f8100000,0x00000000f8100000,0x00000000f8c80000)
  to   space 11776K, 0% used [0x00000000f8c80000,0x00000000f8c80000,0x00000000f9800000)
 ParOldGen       total 349696K, used 349695K [0x00000000e0000000, 0x00000000f5580000, 0x00000000f5580000)
  object space 349696K, 99% used [0x00000000e0000000,0x00000000f557ffc0,0x00000000f5580000)
 Metaspace       used 57917K, committed 58752K, reserved 1105920K
  class space    used 5573K, committed 5952K, reserved 1048576K
}

